Info: Starting: Create simulation model
Info: qsys-generate "C:\Users\catsr\source\repos\SCARA_robot\hdl\FPGA GCodeInterpreter Test\verilog\Computer_System.qsys" --simulation=VERILOG --allow-mixed-language-simulation --output-directory="C:\Users\catsr\source\repos\SCARA_robot\hdl\FPGA GCodeInterpreter Test\verilog\Computer_System\simulation" --family="Cyclone V" --part=5CSEMA5F31C6
Progress: Loading verilog/Computer_System.qsys
Progress: Reading input file
Progress: Adding ARM_A9_HPS [altera_hps 18.1]
Progress: Parameterizing module ARM_A9_HPS
Progress: Adding Onchip_SRAM [altera_avalon_onchip_memory2 18.1]
Progress: Parameterizing module Onchip_SRAM
Progress: Adding System_PLL [altera_up_avalon_sys_sdram_pll 18.0]
Progress: Parameterizing module System_PLL
Progress: Adding clock_bridge_0 [altera_clock_bridge 18.1]
Progress: Parameterizing module clock_bridge_0
Progress: Adding fifo_FPGA_to_HPS [altera_avalon_fifo 18.1]
Progress: Parameterizing module fifo_FPGA_to_HPS
Progress: Adding fifo_HPS_to_FPGA [altera_avalon_fifo 18.1]
Progress: Parameterizing module fifo_HPS_to_FPGA
Progress: Adding pll_0 [altera_pll 18.1]
Progress: Parameterizing module pll_0
Progress: Building connections
Progress: Parameterizing connections
Progress: Validating
Progress: Done reading input file
Info: Computer_System.ARM_A9_HPS: HPS Main PLL counter settings: n = 0  m = 73
Info: Computer_System.ARM_A9_HPS: HPS peripherial PLL counter settings: n = 0  m = 39
Warning: Computer_System.ARM_A9_HPS: "Configuration/HPS-to-FPGA user 0 clock frequency" (desired_cfg_clk_mhz) requested 100.0 MHz, but only achieved 97.368421 MHz
Warning: Computer_System.ARM_A9_HPS: "QSPI clock frequency" (desired_qspi_clk_mhz) requested 400.0 MHz, but only achieved 370.0 MHz
Warning: Computer_System.ARM_A9_HPS: 1 or more output clock frequencies cannot be achieved precisely, consider revising desired output clock frequencies.
Info: Computer_System.System_PLL: Refclk Freq: 50.0
Info: Computer_System.pll_0: The legal reference clock frequency is 5.0 MHz..800.0 MHz
Info: Computer_System.pll_0: Able to implement PLL with user settings
Warning: Computer_System.: You have exported the interface fifo_FPGA_to_HPS.in but not its associated reset interface.  Export the driver(s) of fifo_FPGA_to_HPS.reset_in
Warning: Computer_System.: You have exported the interface fifo_FPGA_to_HPS.in_csr but not its associated reset interface.  Export the driver(s) of fifo_FPGA_to_HPS.reset_in
Warning: Computer_System.: You have exported the interface fifo_HPS_to_FPGA.out but not its associated reset interface.  Export the driver(s) of fifo_HPS_to_FPGA.reset_out
Warning: Computer_System.: You have exported the interface fifo_HPS_to_FPGA.out_csr but not its associated reset interface.  Export the driver(s) of fifo_HPS_to_FPGA.reset_out
Warning: Computer_System.: You have exported the interface Onchip_SRAM.s1 but not its associated reset interface.  Export the driver(s) of Onchip_SRAM.reset1
Info: Computer_System: Generating Computer_System "Computer_System" for SIM_VERILOG
Warning: ARM_A9_HPS.f2h_irq0: Cannot connect clock for irq_mapper.sender
Warning: ARM_A9_HPS.f2h_irq0: Cannot connect reset for irq_mapper.sender
Warning: ARM_A9_HPS.f2h_irq1: Cannot connect clock for irq_mapper_001.sender
Warning: ARM_A9_HPS.f2h_irq1: Cannot connect reset for irq_mapper_001.sender
Info: ARM_A9_HPS: "Running  for module: ARM_A9_HPS"
Info: ARM_A9_HPS: HPS Main PLL counter settings: n = 0  m = 73
Info: ARM_A9_HPS: HPS peripherial PLL counter settings: n = 0  m = 39
Warning: ARM_A9_HPS: "Configuration/HPS-to-FPGA user 0 clock frequency" (desired_cfg_clk_mhz) requested 100.0 MHz, but only achieved 97.368421 MHz
Warning: ARM_A9_HPS: "QSPI clock frequency" (desired_qspi_clk_mhz) requested 400.0 MHz, but only achieved 370.0 MHz
Warning: ARM_A9_HPS: 1 or more output clock frequencies cannot be achieved precisely, consider revising desired output clock frequencies.
Info: ARM_A9_HPS: "Computer_System" instantiated altera_hps "ARM_A9_HPS"
Info: Onchip_SRAM: Starting RTL generation for module 'Computer_System_Onchip_SRAM'
Info: Onchip_SRAM:   Generation command is [exec C:/intelfpga_lite/18.1/quartus/bin64/perl/bin/perl.exe -I C:/intelfpga_lite/18.1/quartus/bin64/perl/lib -I C:/intelfpga_lite/18.1/quartus/sopc_builder/bin/europa -I C:/intelfpga_lite/18.1/quartus/sopc_builder/bin/perl_lib -I C:/intelfpga_lite/18.1/quartus/sopc_builder/bin -I C:/intelfpga_lite/18.1/quartus/../ip/altera/sopc_builder_ip/common -I C:/intelfpga_lite/18.1/quartus/../ip/altera/sopc_builder_ip/altera_avalon_onchip_memory2 -- C:/intelfpga_lite/18.1/quartus/../ip/altera/sopc_builder_ip/altera_avalon_onchip_memory2/generate_rtl.pl --name=Computer_System_Onchip_SRAM --dir=C:/Users/catsr/AppData/Local/Temp/alt8292_5631931331774643928.dir/0002_Onchip_SRAM_gen/ --quartus_dir=C:/intelfpga_lite/18.1/quartus --verilog --config=C:/Users/catsr/AppData/Local/Temp/alt8292_5631931331774643928.dir/0002_Onchip_SRAM_gen//Computer_System_Onchip_SRAM_component_configuration.pl  --do_build_sim=1    --sim_dir=C:/Users/catsr/AppData/Local/Temp/alt8292_5631931331774643928.dir/0002_Onchip_SRAM_gen/  ]
Info: Onchip_SRAM: Done RTL generation for module 'Computer_System_Onchip_SRAM'
Info: Onchip_SRAM: "Computer_System" instantiated altera_avalon_onchip_memory2 "Onchip_SRAM"
Info: System_PLL: "Computer_System" instantiated altera_up_avalon_sys_sdram_pll "System_PLL"
Info: fifo_FPGA_to_HPS: Starting RTL generation for module 'Computer_System_fifo_FPGA_to_HPS'
Info: fifo_FPGA_to_HPS:   Generation command is [exec C:/intelfpga_lite/18.1/quartus/bin64/perl/bin/perl.exe -I C:/intelfpga_lite/18.1/quartus/bin64/perl/lib -I C:/intelfpga_lite/18.1/quartus/sopc_builder/bin/europa -I C:/intelfpga_lite/18.1/quartus/sopc_builder/bin/perl_lib -I C:/intelfpga_lite/18.1/quartus/sopc_builder/bin -I C:/intelfpga_lite/18.1/quartus/../ip/altera/sopc_builder_ip/common -I C:/intelfpga_lite/18.1/quartus/../ip/altera/sopc_builder_ip/altera_avalon_fifo -- C:/intelfpga_lite/18.1/quartus/../ip/altera/sopc_builder_ip/altera_avalon_fifo/generate_rtl.pl --name=Computer_System_fifo_FPGA_to_HPS --dir=C:/Users/catsr/AppData/Local/Temp/alt8292_5631931331774643928.dir/0003_fifo_FPGA_to_HPS_gen/ --quartus_dir=C:/intelfpga_lite/18.1/quartus --verilog --config=C:/Users/catsr/AppData/Local/Temp/alt8292_5631931331774643928.dir/0003_fifo_FPGA_to_HPS_gen//Computer_System_fifo_FPGA_to_HPS_component_configuration.pl  --do_build_sim=1    --sim_dir=C:/Users/catsr/AppData/Local/Temp/alt8292_5631931331774643928.dir/0003_fifo_FPGA_to_HPS_gen/  ]
Info: fifo_FPGA_to_HPS: Done RTL generation for module 'Computer_System_fifo_FPGA_to_HPS'
Info: fifo_FPGA_to_HPS: "Computer_System" instantiated altera_avalon_fifo "fifo_FPGA_to_HPS"
Info: pll_0: Generating simgen model
Info: pll_0: Info: ******************************************************************* Info: Running Quartus Prime Shell     Info: Version 18.1.0 Build 625 09/12/2018 SJ Lite Edition     Info: Copyright (C) 2018  Intel Corporation. All rights reserved.     Info: Your use of Intel Corporation's design tools, logic functions      Info: and other software and tools, and its AMPP partner logic      Info: functions, and any output files from any of the foregoing      Info: (including device programming or simulation files), and any      Info: associated documentation or information are expressly subject      Info: to the terms and conditions of the Intel Program License      Info: Subscription Agreement, the Intel Quartus Prime License Agreement,     Info: the Intel FPGA IP License Agreement, or other applicable license     Info: agreement, including, without limitation, that your use is for     Info: the sole purpose of programming logic devices manufactured by     Info: Intel and sold by Intel or its authorized distributors.  Please     Info: refer to the applicable agreement for further details.     Info: Processing started: Thu Jan 30 16:13:48 2020 Info: Command: quartus_sh -t run_simgen_cmd.tcl Info: ******************************************************************* Info: Running Quartus Prime Analysis & Synthesis     Info: Version 18.1.0 Build 625 09/12/2018 SJ Lite Edition     Info: Copyright (C) 2018  Intel Corporation. All rights reserved.     Info: Your use of Intel Corporation's design tools, logic functions      Info: and other software and tools, and its AMPP partner logic      Info: functions, and any output files from any of the foregoing      Info: (including device programming or simulation files), and any      Info: associated documentation or information are expressly subject      Info: to the terms and conditions of the Intel Program License      Info: Subscription Agreement, the Intel Quartus Prime License Agreement,     Info: the Intel FPGA IP License Agreement, or other applicable license     Info: agreement, including, without limitation, that your use is for     Info: the sole purpose of programming logic devices manufactured by     Info: Intel and sold by Intel or its authorized distributors.  Please     Info: refer to the applicable agreement for further details.     Info: Processing started: Thu Jan 30 16:13:49 2020 Info: Command: quartus_map Computer_System_pll_0.qpf --simgen --ini=disable_check_quartus_compatibility_qsys_only=on --simgen_parameter=CBX_HDL_LANGUAGE=VERILOG Info (20034): Auto device selection is not supported for Cyclone V device family. The default device, 5CGXFC7C7F23C8, is set. Warning (18236): Number of processors has not been specified which may cause overloading on shared machines.  Set the global assignment NUM_PARALLEL_PROCESSORS in your QSF to an appropriate value for best performance. Info (20030): Parallel compilation is enabled and will use 4 of the 4 processors detected Info (12021): Found 1 design units, including 1 entities, in source file computer_system_pll_0.v     Info (12023): Found entity 1: Computer_System_pll_0 File: C:/Users/catsr/AppData/Local/Temp/alt8292_5631931331774643928.dir/0004_pll_0_gen/Computer_System_pll_0.v Line: 2 Info (12127): Elaborating entity "Computer_System_pll_0" for the top level hierarchy Info (12128): Elaborating entity "altera_pll" for hierarchy "altera_pll:altera_pll_i" File: C:/Users/catsr/AppData/Local/Temp/alt8292_5631931331774643928.dir/0004_pll_0_gen/Computer_System_pll_0.v Line: 85 Info (10008): Verilog HDL or VHDL information: EDA Netlist Writer cannot regroup multidimensional array "wire_to_nowhere_64" into its bus Info (12130): Elaborated megafunction instantiation "altera_pll:altera_pll_i" File: C:/Users/catsr/AppData/Local/Temp/alt8292_5631931331774643928.dir/0004_pll_0_gen/Computer_System_pll_0.v Line: 85 Info (12133): Instantiated megafunction "altera_pll:altera_pll_i" with the following parameter: File: C:/Users/catsr/AppData/Local/Temp/alt8292_5631931331774643928.dir/0004_pll_0_gen/Computer_System_pll_0.v Line: 85     Info (12134): Parameter "fractional_vco_multiplier" = "false"     Info (12134): Parameter "reference_clock_frequency" = "50.0 MHz"     Info (12134): Parameter "operation_mode" = "direct"     Info (12134): Parameter "number_of_clocks" = "1"     Info (12134): Parameter "output_clock_frequency0" = "58.000000 MHz"     Info (12134): Parameter "phase_shift0" = "0 ps"     Info (12134): Parameter "duty_cycle0" = "50"     Info (12134): Parameter "output_clock_frequency1" = "0 MHz"     Info (12134): Parameter "phase_shift1" = "0 ps"     Info (12134): Parameter "duty_cycle1" = "50"     Info (12134): Parameter "output_clock_frequency2" = "0 MHz"     Info (12134): Parameter "phase_shift2" = "0 ps"     Info (12134): Parameter "duty_cycle2" = "50"     Info (12134): Parameter "output_clock_frequency3" = "0 MHz"     Info (12134): Parameter "phase_shift3" = "0 ps"     Info (12134): Parameter "duty_cycle3" = "50"     Info (12134): Parameter "output_clock_frequency4" = "0 MHz"     Info (12134): Parameter "phase_shift4" = "0 ps"     Info (12134): Parameter "duty_cycle4" = "50"     Info (12134): Parameter "output_clock_frequency5" = "0 MHz"     Info (12134): Parameter "phase_shift5" = "0 ps"     Info (12134): Parameter "duty_cycle5" = "50"     Info (12134): Parameter "output_clock_frequency6" = "0 MHz"     Info (12134): Parameter "phase_shift6" = "0 ps"     Info (12134): Parameter "duty_cycle6" = "50"     Info (12134): Parameter "output_clock_frequency7" = "0 MHz"     Info (12134): Parameter "phase_shift7" = "0 ps"     Info (12134): Parameter "duty_cycle7" = "50"     Info (12134): Parameter "output_clock_frequency8" = "0 MHz"     Info (12134): Parameter "phase_shift8" = "0 ps"     Info (12134): Parameter "duty_cycle8" = "50"     Info (12134): Parameter "output_clock_frequency9" = "0 MHz"     Info (12134): Parameter "phase_shift9" = "0 ps"     Info (12134): Parameter "duty_cycle9" = "50"     Info (12134): Parameter "output_clock_frequency10" = "0 MHz"     Info (12134): Parameter "phase_shift10" = "0 ps"     Info (12134): Parameter "duty_cycle10" = "50"     Info (12134): Parameter "output_clock_frequency11" = "0 MHz"     Info (12134): Parameter "phase_shift11" = "0 ps"     Info (12134): Parameter "duty_cycle11" = "50"     Info (12134): Parameter "output_clock_frequency12" = "0 MHz"     Info (12134): Parameter "phase_shift12" = "0 ps"     Info (12134): Parameter "duty_cycle12" = "50"     Info (12134): Parameter "output_clock_frequency13" = "0 MHz"     Info (12134): Parameter "phase_shift13" = "0 ps"     Info (12134): Parameter "duty_cycle13" = "50"     Info (12134): Parameter "output_clock_frequency14" = "0 MHz"     Info (12134): Parameter "phase_shift14" = "0 ps"     Info (12134): Parameter "duty_cycle14" = "50"     Info (12134): Parameter "output_clock_frequency15" = "0 MHz"     Info (12134): Parameter "phase_shift15" = "0 ps"     Info (12134): Parameter "duty_cycle15" = "50"     Info (12134): Parameter "output_clock_frequency16" = "0 MHz"     Info (12134): Parameter "phase_shift16" = "0 ps"     Info (12134): Parameter "duty_cycle16" = "50"     Info (12134): Parameter "output_clock_frequency17" = "0 MHz"     Info (12134): Parameter "phase_shift17" = "0 ps"     Info (12134): Parameter "duty_cycle17" = "50"     Info (12134): Parameter "pll_type" = "General"     Info (12134): Parameter "pll_subtype" = "General" Info (281010): Generating sgate simulator netlist using Simgen SIMGEN_PROGRESS Start of Model generation -- 0% complete SIMGEN_PROGRESS Phase 1 : Internal Objects created -- 25% complete SIMGEN_PROGRESS Phase 2 : Connections between internal objects made -- 60% complete SIMGEN_PROGRESS Phase 3 : Netlist generated -- 100% complete Info: Quartus Prime Analysis & Synthesis was successful. 0 errors, 1 warning     Info: Peak virtual memory: 4783 megabytes     Info: Processing ended: Thu Jan 30 16:14:00 2020     Info: Elapsed time: 00:00:11     Info: Total CPU time (on all processors): 00:00:01 Info (23030): Evaluation of Tcl script run_simgen_cmd.tcl was successful Info: Quartus Prime Shell was successful. 0 errors, 0 warnings     Info: Peak virtual memory: 4655 megabytes     Info: Processing ended: Thu Jan 30 16:14:00 2020     Info: Elapsed time: 00:00:12     Info: Total CPU time (on all processors): 00:00:02
Info: pll_0: Simgen was successful
Info: pll_0: "Computer_System" instantiated altera_pll "pll_0"
Info: avalon_st_adapter: Inserting error_adapter: error_adapter_0
Info: avalon_st_adapter_001: Inserting error_adapter: error_adapter_0
Info: avalon_st_adapter_002: Inserting error_adapter: error_adapter_0
Info: mm_interconnect_0: "Computer_System" instantiated altera_mm_interconnect "mm_interconnect_0"
Info: avalon_st_adapter: Inserting error_adapter: error_adapter_0
Info: avalon_st_adapter_001: Inserting error_adapter: error_adapter_0
Info: mm_interconnect_1: "Computer_System" instantiated altera_mm_interconnect "mm_interconnect_1"
Info: irq_mapper: "Computer_System" instantiated altera_irq_mapper "irq_mapper"
Info: rst_controller: "Computer_System" instantiated altera_reset_controller "rst_controller"
Info: fpga_interfaces: "ARM_A9_HPS" instantiated altera_interface_generator "fpga_interfaces"
Info: hps_io: "ARM_A9_HPS" instantiated altera_hps_io "hps_io"
Info: sys_pll: Generating simgen model
Info: sys_pll: Info: ******************************************************************* Info: Running Quartus Prime Shell     Info: Version 18.1.0 Build 625 09/12/2018 SJ Lite Edition     Info: Copyright (C) 2018  Intel Corporation. All rights reserved.     Info: Your use of Intel Corporation's design tools, logic functions      Info: and other software and tools, and its AMPP partner logic      Info: functions, and any output files from any of the foregoing      Info: (including device programming or simulation files), and any      Info: associated documentation or information are expressly subject      Info: to the terms and conditions of the Intel Program License      Info: Subscription Agreement, the Intel Quartus Prime License Agreement,     Info: the Intel FPGA IP License Agreement, or other applicable license     Info: agreement, including, without limitation, that your use is for     Info: the sole purpose of programming logic devices manufactured by     Info: Intel and sold by Intel or its authorized distributors.  Please     Info: refer to the applicable agreement for further details.     Info: Processing started: Thu Jan 30 16:14:11 2020 Info: Command: quartus_sh -t run_simgen_cmd.tcl Info: ******************************************************************* Info: Running Quartus Prime Analysis & Synthesis     Info: Version 18.1.0 Build 625 09/12/2018 SJ Lite Edition     Info: Copyright (C) 2018  Intel Corporation. All rights reserved.     Info: Your use of Intel Corporation's design tools, logic functions      Info: and other software and tools, and its AMPP partner logic      Info: functions, and any output files from any of the foregoing      Info: (including device programming or simulation files), and any      Info: associated documentation or information are expressly subject      Info: to the terms and conditions of the Intel Program License      Info: Subscription Agreement, the Intel Quartus Prime License Agreement,     Info: the Intel FPGA IP License Agreement, or other applicable license     Info: agreement, including, without limitation, that your use is for     Info: the sole purpose of programming logic devices manufactured by     Info: Intel and sold by Intel or its authorized distributors.  Please     Info: refer to the applicable agreement for further details.     Info: Processing started: Thu Jan 30 16:14:11 2020 Info: Command: quartus_map Computer_System_System_PLL_sys_pll.qpf --simgen --ini=disable_check_quartus_compatibility_qsys_only=on --simgen_parameter=CBX_HDL_LANGUAGE=VERILOG Info (20034): Auto device selection is not supported for Cyclone V device family. The default device, 5CGXFC7C7F23C8, is set. Warning (18236): Number of processors has not been specified which may cause overloading on shared machines.  Set the global assignment NUM_PARALLEL_PROCESSORS in your QSF to an appropriate value for best performance. Info (20030): Parallel compilation is enabled and will use 4 of the 4 processors detected Info (12021): Found 1 design units, including 1 entities, in source file computer_system_system_pll_sys_pll.v     Info (12023): Found entity 1: Computer_System_System_PLL_sys_pll File: C:/Users/catsr/AppData/Local/Temp/alt8292_5631931331774643928.dir/0008_sys_pll_gen/Computer_System_System_PLL_sys_pll.v Line: 2 Info (12127): Elaborating entity "Computer_System_System_PLL_sys_pll" for the top level hierarchy Info (12128): Elaborating entity "altera_pll" for hierarchy "altera_pll:altera_pll_i" File: C:/Users/catsr/AppData/Local/Temp/alt8292_5631931331774643928.dir/0008_sys_pll_gen/Computer_System_System_PLL_sys_pll.v Line: 88 Info (10008): Verilog HDL or VHDL information: EDA Netlist Writer cannot regroup multidimensional array "wire_to_nowhere_64" into its bus Info (12130): Elaborated megafunction instantiation "altera_pll:altera_pll_i" File: C:/Users/catsr/AppData/Local/Temp/alt8292_5631931331774643928.dir/0008_sys_pll_gen/Computer_System_System_PLL_sys_pll.v Line: 88 Info (12133): Instantiated megafunction "altera_pll:altera_pll_i" with the following parameter: File: C:/Users/catsr/AppData/Local/Temp/alt8292_5631931331774643928.dir/0008_sys_pll_gen/Computer_System_System_PLL_sys_pll.v Line: 88     Info (12134): Parameter "fractional_vco_multiplier" = "false"     Info (12134): Parameter "reference_clock_frequency" = "50.0 MHz"     Info (12134): Parameter "operation_mode" = "direct"     Info (12134): Parameter "number_of_clocks" = "2"     Info (12134): Parameter "output_clock_frequency0" = "100.000000 MHz"     Info (12134): Parameter "phase_shift0" = "0 ps"     Info (12134): Parameter "duty_cycle0" = "50"     Info (12134): Parameter "output_clock_frequency1" = "100.000000 MHz"     Info (12134): Parameter "phase_shift1" = "-3000 ps"     Info (12134): Parameter "duty_cycle1" = "50"     Info (12134): Parameter "output_clock_frequency2" = "0 MHz"     Info (12134): Parameter "phase_shift2" = "0 ps"     Info (12134): Parameter "duty_cycle2" = "50"     Info (12134): Parameter "output_clock_frequency3" = "0 MHz"     Info (12134): Parameter "phase_shift3" = "0 ps"     Info (12134): Parameter "duty_cycle3" = "50"     Info (12134): Parameter "output_clock_frequency4" = "0 MHz"     Info (12134): Parameter "phase_shift4" = "0 ps"     Info (12134): Parameter "duty_cycle4" = "50"     Info (12134): Parameter "output_clock_frequency5" = "0 MHz"     Info (12134): Parameter "phase_shift5" = "0 ps"     Info (12134): Parameter "duty_cycle5" = "50"     Info (12134): Parameter "output_clock_frequency6" = "0 MHz"     Info (12134): Parameter "phase_shift6" = "0 ps"     Info (12134): Parameter "duty_cycle6" = "50"     Info (12134): Parameter "output_clock_frequency7" = "0 MHz"     Info (12134): Parameter "phase_shift7" = "0 ps"     Info (12134): Parameter "duty_cycle7" = "50"     Info (12134): Parameter "output_clock_frequency8" = "0 MHz"     Info (12134): Parameter "phase_shift8" = "0 ps"     Info (12134): Parameter "duty_cycle8" = "50"     Info (12134): Parameter "output_clock_frequency9" = "0 MHz"     Info (12134): Parameter "phase_shift9" = "0 ps"     Info (12134): Parameter "duty_cycle9" = "50"     Info (12134): Parameter "output_clock_frequency10" = "0 MHz"     Info (12134): Parameter "phase_shift10" = "0 ps"     Info (12134): Parameter "duty_cycle10" = "50"     Info (12134): Parameter "output_clock_frequency11" = "0 MHz"     Info (12134): Parameter "phase_shift11" = "0 ps"     Info (12134): Parameter "duty_cycle11" = "50"     Info (12134): Parameter "output_clock_frequency12" = "0 MHz"     Info (12134): Parameter "phase_shift12" = "0 ps"     Info (12134): Parameter "duty_cycle12" = "50"     Info (12134): Parameter "output_clock_frequency13" = "0 MHz"     Info (12134): Parameter "phase_shift13" = "0 ps"     Info (12134): Parameter "duty_cycle13" = "50"     Info (12134): Parameter "output_clock_frequency14" = "0 MHz"     Info (12134): Parameter "phase_shift14" = "0 ps"     Info (12134): Parameter "duty_cycle14" = "50"     Info (12134): Parameter "output_clock_frequency15" = "0 MHz"     Info (12134): Parameter "phase_shift15" = "0 ps"     Info (12134): Parameter "duty_cycle15" = "50"     Info (12134): Parameter "output_clock_frequency16" = "0 MHz"     Info (12134): Parameter "phase_shift16" = "0 ps"     Info (12134): Parameter "duty_cycle16" = "50"     Info (12134): Parameter "output_clock_frequency17" = "0 MHz"     Info (12134): Parameter "phase_shift17" = "0 ps"     Info (12134): Parameter "duty_cycle17" = "50"     Info (12134): Parameter "pll_type" = "General"     Info (12134): Parameter "pll_subtype" = "General" Info (281010): Generating sgate simulator netlist using Simgen SIMGEN_PROGRESS Start of Model generation -- 0% complete SIMGEN_PROGRESS Phase 1 : Internal Objects created -- 25% complete SIMGEN_PROGRESS Phase 2 : Connections between internal objects made -- 60% complete SIMGEN_PROGRESS Phase 3 : Netlist generated -- 100% complete Info: Quartus Prime Analysis & Synthesis was successful. 0 errors, 1 warning     Info: Peak virtual memory: 4785 megabytes     Info: Processing ended: Thu Jan 30 16:14:22 2020     Info: Elapsed time: 00:00:11     Info: Total CPU time (on all processors): 00:00:01 Info (23030): Evaluation of Tcl script run_simgen_cmd.tcl was successful Info: Quartus Prime Shell was successful. 0 errors, 0 warnings     Info: Peak virtual memory: 4655 megabytes     Info: Processing ended: Thu Jan 30 16:14:22 2020     Info: Elapsed time: 00:00:11     Info: Total CPU time (on all processors): 00:00:02
Info: sys_pll: Simgen was successful
Info: sys_pll: "System_PLL" instantiated altera_pll "sys_pll"
Info: reset_from_locked: "System_PLL" instantiated altera_up_avalon_reset_from_locked_signal "reset_from_locked"
Info: fifo_HPS_to_FPGA_in_translator: "mm_interconnect_0" instantiated altera_merlin_slave_translator "fifo_HPS_to_FPGA_in_translator"
Info: ARM_A9_HPS_h2f_axi_master_agent: "mm_interconnect_0" instantiated altera_merlin_axi_master_ni "ARM_A9_HPS_h2f_axi_master_agent"
Info: fifo_HPS_to_FPGA_in_agent: "mm_interconnect_0" instantiated altera_merlin_slave_agent "fifo_HPS_to_FPGA_in_agent"
Info: fifo_HPS_to_FPGA_in_agent_rsp_fifo: "mm_interconnect_0" instantiated altera_avalon_sc_fifo "fifo_HPS_to_FPGA_in_agent_rsp_fifo"
Info: router: "mm_interconnect_0" instantiated altera_merlin_router "router"
Info: router_002: "mm_interconnect_0" instantiated altera_merlin_router "router_002"
Info: ARM_A9_HPS_h2f_axi_master_wr_limiter: "mm_interconnect_0" instantiated altera_merlin_traffic_limiter "ARM_A9_HPS_h2f_axi_master_wr_limiter"
Info: Reusing file C:/Users/catsr/source/repos/SCARA_robot/hdl/FPGA GCodeInterpreter Test/verilog/Computer_System/simulation/submodules/altera_avalon_sc_fifo.v
Info: fifo_HPS_to_FPGA_in_burst_adapter: "mm_interconnect_0" instantiated altera_merlin_burst_adapter "fifo_HPS_to_FPGA_in_burst_adapter"
Info: Reusing file C:/Users/catsr/source/repos/SCARA_robot/hdl/FPGA GCodeInterpreter Test/verilog/Computer_System/simulation/submodules/altera_merlin_address_alignment.sv
Info: Reusing file C:/Users/catsr/source/repos/SCARA_robot/hdl/FPGA GCodeInterpreter Test/verilog/Computer_System/simulation/submodules/altera_avalon_st_pipeline_base.v
Info: cmd_demux: "mm_interconnect_0" instantiated altera_merlin_demultiplexer "cmd_demux"
Info: cmd_mux: "mm_interconnect_0" instantiated altera_merlin_multiplexer "cmd_mux"
Info: rsp_demux: "mm_interconnect_0" instantiated altera_merlin_demultiplexer "rsp_demux"
Info: rsp_mux: "mm_interconnect_0" instantiated altera_merlin_multiplexer "rsp_mux"
Info: Reusing file C:/Users/catsr/source/repos/SCARA_robot/hdl/FPGA GCodeInterpreter Test/verilog/Computer_System/simulation/submodules/altera_merlin_arbitrator.sv
Info: fifo_HPS_to_FPGA_in_rsp_width_adapter: "mm_interconnect_0" instantiated altera_merlin_width_adapter "fifo_HPS_to_FPGA_in_rsp_width_adapter"
Info: Reusing file C:/Users/catsr/source/repos/SCARA_robot/hdl/FPGA GCodeInterpreter Test/verilog/Computer_System/simulation/submodules/altera_merlin_address_alignment.sv
Info: Reusing file C:/Users/catsr/source/repos/SCARA_robot/hdl/FPGA GCodeInterpreter Test/verilog/Computer_System/simulation/submodules/altera_merlin_burst_uncompressor.sv
Info: avalon_st_adapter: "mm_interconnect_0" instantiated altera_avalon_st_adapter "avalon_st_adapter"
Info: router: "mm_interconnect_1" instantiated altera_merlin_router "router"
Info: router_002: "mm_interconnect_1" instantiated altera_merlin_router "router_002"
Info: cmd_demux: "mm_interconnect_1" instantiated altera_merlin_demultiplexer "cmd_demux"
Info: cmd_mux: "mm_interconnect_1" instantiated altera_merlin_multiplexer "cmd_mux"
Info: Reusing file C:/Users/catsr/source/repos/SCARA_robot/hdl/FPGA GCodeInterpreter Test/verilog/Computer_System/simulation/submodules/altera_merlin_arbitrator.sv
Info: rsp_demux: "mm_interconnect_1" instantiated altera_merlin_demultiplexer "rsp_demux"
Info: rsp_mux: "mm_interconnect_1" instantiated altera_merlin_multiplexer "rsp_mux"
Info: Reusing file C:/Users/catsr/source/repos/SCARA_robot/hdl/FPGA GCodeInterpreter Test/verilog/Computer_System/simulation/submodules/altera_merlin_arbitrator.sv
Info: border: "hps_io" instantiated altera_interface_generator "border"
Info: Reusing file C:/Users/catsr/source/repos/SCARA_robot/hdl/FPGA GCodeInterpreter Test/verilog/Computer_System/simulation/submodules/verbosity_pkg.sv
Info: Reusing file C:/Users/catsr/source/repos/SCARA_robot/hdl/FPGA GCodeInterpreter Test/verilog/Computer_System/simulation/submodules/avalon_utilities_pkg.sv
Info: Reusing file C:/Users/catsr/source/repos/SCARA_robot/hdl/FPGA GCodeInterpreter Test/verilog/Computer_System/simulation/submodules/avalon_mm_pkg.sv
Info: Reusing file C:/Users/catsr/source/repos/SCARA_robot/hdl/FPGA GCodeInterpreter Test/verilog/Computer_System/simulation/submodules/altera_avalon_mm_slave_bfm.sv
Info: Reusing file C:/Users/catsr/source/repos/SCARA_robot/hdl/FPGA GCodeInterpreter Test/verilog/Computer_System/simulation/submodules/altera_avalon_interrupt_sink.sv
Info: Reusing file C:/Users/catsr/source/repos/SCARA_robot/hdl/FPGA GCodeInterpreter Test/verilog/Computer_System/simulation/submodules/altera_avalon_clock_source.sv
Info: Reusing file C:/Users/catsr/source/repos/SCARA_robot/hdl/FPGA GCodeInterpreter Test/verilog/Computer_System/simulation/submodules/altera_avalon_reset_source.sv
Info: error_adapter_0: "avalon_st_adapter" instantiated error_adapter "error_adapter_0"
Info: Computer_System: Done "Computer_System" with 36 modules, 64 files
Info: qsys-generate succeeded.
Info: Finished: Create simulation model
Info: Starting: Create Modelsim Project.
Info: sim-script-gen --spd="C:\Users\catsr\source\repos\SCARA_robot\hdl\FPGA GCodeInterpreter Test\verilog\Computer_System\Computer_System.spd" --output-directory="C:/Users/catsr/source/repos/SCARA_robot/hdl/FPGA GCodeInterpreter Test/verilog/Computer_System/simulation/" --use-relative-paths=true
Info: Doing: ip-make-simscript --spd=C:\Users\catsr\source\repos\SCARA_robot\hdl\FPGA GCodeInterpreter Test\verilog\Computer_System\Computer_System.spd --output-directory=C:/Users/catsr/source/repos/SCARA_robot/hdl/FPGA GCodeInterpreter Test/verilog/Computer_System/simulation/ --use-relative-paths=true
Info: Generating the following file(s) for MODELSIM simulator in C:/Users/catsr/source/repos/SCARA_robot/hdl/FPGA GCodeInterpreter Test/verilog/Computer_System/simulation/ directory:
Info: 	mentor/msim_setup.tcl
Info: Generating the following file(s) for VCS simulator in C:/Users/catsr/source/repos/SCARA_robot/hdl/FPGA GCodeInterpreter Test/verilog/Computer_System/simulation/ directory:
Info: 	synopsys/vcs/vcs_setup.sh
Info: Generating the following file(s) for VCSMX simulator in C:/Users/catsr/source/repos/SCARA_robot/hdl/FPGA GCodeInterpreter Test/verilog/Computer_System/simulation/ directory:
Info: 	synopsys/vcsmx/synopsys_sim.setup
Info: 	synopsys/vcsmx/vcsmx_setup.sh
Info: Generating the following file(s) for NCSIM simulator in C:/Users/catsr/source/repos/SCARA_robot/hdl/FPGA GCodeInterpreter Test/verilog/Computer_System/simulation/ directory:
Info: 	cadence/cds.lib
Info: 	cadence/hdl.var
Info: 	cadence/ncsim_setup.sh
Info: 	30 .cds.lib files in cadence/cds_libs/ directory
Info: Generating the following file(s) for RIVIERA simulator in C:/Users/catsr/source/repos/SCARA_robot/hdl/FPGA GCodeInterpreter Test/verilog/Computer_System/simulation/ directory:
Info: 	aldec/rivierapro_setup.tcl
Info: For information on how to simulate your IP, see the explanatory comments in the simulator-specific subdirectories under C:/Users/catsr/source/repos/SCARA_robot/hdl/FPGA GCodeInterpreter Test/verilog/Computer_System/simulation/.
Info: Regenerate these scripts whenever you make any change to any Quartus-generated IP in your project.
Info: Finished: Create Modelsim Project.
Info: Starting: Create block symbol file (.bsf)
Info: qsys-generate "C:\Users\catsr\source\repos\SCARA_robot\hdl\FPGA GCodeInterpreter Test\verilog\Computer_System.qsys" --block-symbol-file --output-directory="C:\Users\catsr\source\repos\SCARA_robot\hdl\FPGA GCodeInterpreter Test\verilog\Computer_System" --family="Cyclone V" --part=5CSEMA5F31C6
Progress: Loading verilog/Computer_System.qsys
Progress: Reading input file
Progress: Adding ARM_A9_HPS [altera_hps 18.1]
Progress: Parameterizing module ARM_A9_HPS
Progress: Adding Onchip_SRAM [altera_avalon_onchip_memory2 18.1]
Progress: Parameterizing module Onchip_SRAM
Progress: Adding System_PLL [altera_up_avalon_sys_sdram_pll 18.0]
Progress: Parameterizing module System_PLL
Progress: Adding clock_bridge_0 [altera_clock_bridge 18.1]
Progress: Parameterizing module clock_bridge_0
Progress: Adding fifo_FPGA_to_HPS [altera_avalon_fifo 18.1]
Progress: Parameterizing module fifo_FPGA_to_HPS
Progress: Adding fifo_HPS_to_FPGA [altera_avalon_fifo 18.1]
Progress: Parameterizing module fifo_HPS_to_FPGA
Progress: Adding pll_0 [altera_pll 18.1]
Progress: Parameterizing module pll_0
Progress: Building connections
Progress: Parameterizing connections
Progress: Validating
Progress: Done reading input file
Info: Computer_System.ARM_A9_HPS: HPS Main PLL counter settings: n = 0  m = 73
Info: Computer_System.ARM_A9_HPS: HPS peripherial PLL counter settings: n = 0  m = 39
Warning: Computer_System.ARM_A9_HPS: "Configuration/HPS-to-FPGA user 0 clock frequency" (desired_cfg_clk_mhz) requested 100.0 MHz, but only achieved 97.368421 MHz
Warning: Computer_System.ARM_A9_HPS: "QSPI clock frequency" (desired_qspi_clk_mhz) requested 400.0 MHz, but only achieved 370.0 MHz
Warning: Computer_System.ARM_A9_HPS: 1 or more output clock frequencies cannot be achieved precisely, consider revising desired output clock frequencies.
Info: Computer_System.System_PLL: Refclk Freq: 50.0
Info: Computer_System.pll_0: The legal reference clock frequency is 5.0 MHz..800.0 MHz
Info: Computer_System.pll_0: Able to implement PLL with user settings
Warning: Computer_System.: You have exported the interface fifo_FPGA_to_HPS.in but not its associated reset interface.  Export the driver(s) of fifo_FPGA_to_HPS.reset_in
Warning: Computer_System.: You have exported the interface fifo_FPGA_to_HPS.in_csr but not its associated reset interface.  Export the driver(s) of fifo_FPGA_to_HPS.reset_in
Warning: Computer_System.: You have exported the interface fifo_HPS_to_FPGA.out but not its associated reset interface.  Export the driver(s) of fifo_HPS_to_FPGA.reset_out
Warning: Computer_System.: You have exported the interface fifo_HPS_to_FPGA.out_csr but not its associated reset interface.  Export the driver(s) of fifo_HPS_to_FPGA.reset_out
Warning: Computer_System.: You have exported the interface Onchip_SRAM.s1 but not its associated reset interface.  Export the driver(s) of Onchip_SRAM.reset1
Info: qsys-generate succeeded.
Info: Finished: Create block symbol file (.bsf)
Info: 
Info: Starting: Create HDL design files for synthesis
Info: qsys-generate "C:\Users\catsr\source\repos\SCARA_robot\hdl\FPGA GCodeInterpreter Test\verilog\Computer_System.qsys" --synthesis=VERILOG --output-directory="C:\Users\catsr\source\repos\SCARA_robot\hdl\FPGA GCodeInterpreter Test\verilog\Computer_System\synthesis" --family="Cyclone V" --part=5CSEMA5F31C6
Progress: Loading verilog/Computer_System.qsys
Progress: Reading input file
Progress: Adding ARM_A9_HPS [altera_hps 18.1]
Progress: Parameterizing module ARM_A9_HPS
Progress: Adding Onchip_SRAM [altera_avalon_onchip_memory2 18.1]
Progress: Parameterizing module Onchip_SRAM
Progress: Adding System_PLL [altera_up_avalon_sys_sdram_pll 18.0]
Progress: Parameterizing module System_PLL
Progress: Adding clock_bridge_0 [altera_clock_bridge 18.1]
Progress: Parameterizing module clock_bridge_0
Progress: Adding fifo_FPGA_to_HPS [altera_avalon_fifo 18.1]
Progress: Parameterizing module fifo_FPGA_to_HPS
Progress: Adding fifo_HPS_to_FPGA [altera_avalon_fifo 18.1]
Progress: Parameterizing module fifo_HPS_to_FPGA
Progress: Adding pll_0 [altera_pll 18.1]
Progress: Parameterizing module pll_0
Progress: Building connections
Progress: Parameterizing connections
Progress: Validating
Progress: Done reading input file
Info: Computer_System.ARM_A9_HPS: HPS Main PLL counter settings: n = 0  m = 73
Info: Computer_System.ARM_A9_HPS: HPS peripherial PLL counter settings: n = 0  m = 39
Warning: Computer_System.ARM_A9_HPS: "Configuration/HPS-to-FPGA user 0 clock frequency" (desired_cfg_clk_mhz) requested 100.0 MHz, but only achieved 97.368421 MHz
Warning: Computer_System.ARM_A9_HPS: "QSPI clock frequency" (desired_qspi_clk_mhz) requested 400.0 MHz, but only achieved 370.0 MHz
Warning: Computer_System.ARM_A9_HPS: 1 or more output clock frequencies cannot be achieved precisely, consider revising desired output clock frequencies.
Info: Computer_System.System_PLL: Refclk Freq: 50.0
Info: Computer_System.pll_0: The legal reference clock frequency is 5.0 MHz..800.0 MHz
Info: Computer_System.pll_0: Able to implement PLL with user settings
Warning: Computer_System.: You have exported the interface fifo_FPGA_to_HPS.in but not its associated reset interface.  Export the driver(s) of fifo_FPGA_to_HPS.reset_in
Warning: Computer_System.: You have exported the interface fifo_FPGA_to_HPS.in_csr but not its associated reset interface.  Export the driver(s) of fifo_FPGA_to_HPS.reset_in
Warning: Computer_System.: You have exported the interface fifo_HPS_to_FPGA.out but not its associated reset interface.  Export the driver(s) of fifo_HPS_to_FPGA.reset_out
Warning: Computer_System.: You have exported the interface fifo_HPS_to_FPGA.out_csr but not its associated reset interface.  Export the driver(s) of fifo_HPS_to_FPGA.reset_out
Warning: Computer_System.: You have exported the interface Onchip_SRAM.s1 but not its associated reset interface.  Export the driver(s) of Onchip_SRAM.reset1
Info: Computer_System: Generating Computer_System "Computer_System" for QUARTUS_SYNTH
Warning: ARM_A9_HPS.f2h_irq0: Cannot connect clock for irq_mapper.sender
Warning: ARM_A9_HPS.f2h_irq0: Cannot connect reset for irq_mapper.sender
Warning: ARM_A9_HPS.f2h_irq1: Cannot connect clock for irq_mapper_001.sender
Warning: ARM_A9_HPS.f2h_irq1: Cannot connect reset for irq_mapper_001.sender
Info: ARM_A9_HPS: "Running  for module: ARM_A9_HPS"
Info: ARM_A9_HPS: HPS Main PLL counter settings: n = 0  m = 73
Info: ARM_A9_HPS: HPS peripherial PLL counter settings: n = 0  m = 39
Warning: ARM_A9_HPS: "Configuration/HPS-to-FPGA user 0 clock frequency" (desired_cfg_clk_mhz) requested 100.0 MHz, but only achieved 97.368421 MHz
Warning: ARM_A9_HPS: "QSPI clock frequency" (desired_qspi_clk_mhz) requested 400.0 MHz, but only achieved 370.0 MHz
Warning: ARM_A9_HPS: 1 or more output clock frequencies cannot be achieved precisely, consider revising desired output clock frequencies.
Info: ARM_A9_HPS: "Computer_System" instantiated altera_hps "ARM_A9_HPS"
Info: Onchip_SRAM: Starting RTL generation for module 'Computer_System_Onchip_SRAM'
Info: Onchip_SRAM:   Generation command is [exec C:/intelfpga_lite/18.1/quartus/bin64/perl/bin/perl.exe -I C:/intelfpga_lite/18.1/quartus/bin64/perl/lib -I C:/intelfpga_lite/18.1/quartus/sopc_builder/bin/europa -I C:/intelfpga_lite/18.1/quartus/sopc_builder/bin/perl_lib -I C:/intelfpga_lite/18.1/quartus/sopc_builder/bin -I C:/intelfpga_lite/18.1/quartus/../ip/altera/sopc_builder_ip/common -I C:/intelfpga_lite/18.1/quartus/../ip/altera/sopc_builder_ip/altera_avalon_onchip_memory2 -- C:/intelfpga_lite/18.1/quartus/../ip/altera/sopc_builder_ip/altera_avalon_onchip_memory2/generate_rtl.pl --name=Computer_System_Onchip_SRAM --dir=C:/Users/catsr/AppData/Local/Temp/alt8292_5631931331774643928.dir/0032_Onchip_SRAM_gen/ --quartus_dir=C:/intelfpga_lite/18.1/quartus --verilog --config=C:/Users/catsr/AppData/Local/Temp/alt8292_5631931331774643928.dir/0032_Onchip_SRAM_gen//Computer_System_Onchip_SRAM_component_configuration.pl  --do_build_sim=0  ]
Info: Onchip_SRAM: Done RTL generation for module 'Computer_System_Onchip_SRAM'
Info: Onchip_SRAM: "Computer_System" instantiated altera_avalon_onchip_memory2 "Onchip_SRAM"
Info: System_PLL: "Computer_System" instantiated altera_up_avalon_sys_sdram_pll "System_PLL"
Info: fifo_FPGA_to_HPS: Starting RTL generation for module 'Computer_System_fifo_FPGA_to_HPS'
Info: fifo_FPGA_to_HPS:   Generation command is [exec C:/intelfpga_lite/18.1/quartus/bin64/perl/bin/perl.exe -I C:/intelfpga_lite/18.1/quartus/bin64/perl/lib -I C:/intelfpga_lite/18.1/quartus/sopc_builder/bin/europa -I C:/intelfpga_lite/18.1/quartus/sopc_builder/bin/perl_lib -I C:/intelfpga_lite/18.1/quartus/sopc_builder/bin -I C:/intelfpga_lite/18.1/quartus/../ip/altera/sopc_builder_ip/common -I C:/intelfpga_lite/18.1/quartus/../ip/altera/sopc_builder_ip/altera_avalon_fifo -- C:/intelfpga_lite/18.1/quartus/../ip/altera/sopc_builder_ip/altera_avalon_fifo/generate_rtl.pl --name=Computer_System_fifo_FPGA_to_HPS --dir=C:/Users/catsr/AppData/Local/Temp/alt8292_5631931331774643928.dir/0033_fifo_FPGA_to_HPS_gen/ --quartus_dir=C:/intelfpga_lite/18.1/quartus --verilog --config=C:/Users/catsr/AppData/Local/Temp/alt8292_5631931331774643928.dir/0033_fifo_FPGA_to_HPS_gen//Computer_System_fifo_FPGA_to_HPS_component_configuration.pl  --do_build_sim=0  ]
Info: fifo_FPGA_to_HPS: Done RTL generation for module 'Computer_System_fifo_FPGA_to_HPS'
Info: fifo_FPGA_to_HPS: "Computer_System" instantiated altera_avalon_fifo "fifo_FPGA_to_HPS"
Info: pll_0: "Computer_System" instantiated altera_pll "pll_0"
Info: avalon_st_adapter: Inserting error_adapter: error_adapter_0
Info: avalon_st_adapter_001: Inserting error_adapter: error_adapter_0
Info: avalon_st_adapter_002: Inserting error_adapter: error_adapter_0
Info: mm_interconnect_0: "Computer_System" instantiated altera_mm_interconnect "mm_interconnect_0"
Info: avalon_st_adapter: Inserting error_adapter: error_adapter_0
Info: avalon_st_adapter_001: Inserting error_adapter: error_adapter_0
Info: mm_interconnect_1: "Computer_System" instantiated altera_mm_interconnect "mm_interconnect_1"
Info: irq_mapper: "Computer_System" instantiated altera_irq_mapper "irq_mapper"
Info: rst_controller: "Computer_System" instantiated altera_reset_controller "rst_controller"
Info: fpga_interfaces: "ARM_A9_HPS" instantiated altera_interface_generator "fpga_interfaces"
Info: hps_io: "ARM_A9_HPS" instantiated altera_hps_io "hps_io"
Info: sys_pll: "System_PLL" instantiated altera_pll "sys_pll"
Info: reset_from_locked: "System_PLL" instantiated altera_up_avalon_reset_from_locked_signal "reset_from_locked"
Info: fifo_HPS_to_FPGA_in_translator: "mm_interconnect_0" instantiated altera_merlin_slave_translator "fifo_HPS_to_FPGA_in_translator"
Info: ARM_A9_HPS_h2f_axi_master_agent: "mm_interconnect_0" instantiated altera_merlin_axi_master_ni "ARM_A9_HPS_h2f_axi_master_agent"
Info: fifo_HPS_to_FPGA_in_agent: "mm_interconnect_0" instantiated altera_merlin_slave_agent "fifo_HPS_to_FPGA_in_agent"
Info: fifo_HPS_to_FPGA_in_agent_rsp_fifo: "mm_interconnect_0" instantiated altera_avalon_sc_fifo "fifo_HPS_to_FPGA_in_agent_rsp_fifo"
Info: router: "mm_interconnect_0" instantiated altera_merlin_router "router"
Info: router_002: "mm_interconnect_0" instantiated altera_merlin_router "router_002"
Info: ARM_A9_HPS_h2f_axi_master_wr_limiter: "mm_interconnect_0" instantiated altera_merlin_traffic_limiter "ARM_A9_HPS_h2f_axi_master_wr_limiter"
Info: Reusing file C:/Users/catsr/source/repos/SCARA_robot/hdl/FPGA GCodeInterpreter Test/verilog/Computer_System/synthesis/submodules/altera_avalon_sc_fifo.v
Info: fifo_HPS_to_FPGA_in_burst_adapter: "mm_interconnect_0" instantiated altera_merlin_burst_adapter "fifo_HPS_to_FPGA_in_burst_adapter"
Info: Reusing file C:/Users/catsr/source/repos/SCARA_robot/hdl/FPGA GCodeInterpreter Test/verilog/Computer_System/synthesis/submodules/altera_merlin_address_alignment.sv
Info: Reusing file C:/Users/catsr/source/repos/SCARA_robot/hdl/FPGA GCodeInterpreter Test/verilog/Computer_System/synthesis/submodules/altera_avalon_st_pipeline_base.v
Info: cmd_demux: "mm_interconnect_0" instantiated altera_merlin_demultiplexer "cmd_demux"
Info: cmd_mux: "mm_interconnect_0" instantiated altera_merlin_multiplexer "cmd_mux"
Info: rsp_demux: "mm_interconnect_0" instantiated altera_merlin_demultiplexer "rsp_demux"
Info: rsp_mux: "mm_interconnect_0" instantiated altera_merlin_multiplexer "rsp_mux"
Info: Reusing file C:/Users/catsr/source/repos/SCARA_robot/hdl/FPGA GCodeInterpreter Test/verilog/Computer_System/synthesis/submodules/altera_merlin_arbitrator.sv
Info: fifo_HPS_to_FPGA_in_rsp_width_adapter: "mm_interconnect_0" instantiated altera_merlin_width_adapter "fifo_HPS_to_FPGA_in_rsp_width_adapter"
Info: Reusing file C:/Users/catsr/source/repos/SCARA_robot/hdl/FPGA GCodeInterpreter Test/verilog/Computer_System/synthesis/submodules/altera_merlin_address_alignment.sv
Info: Reusing file C:/Users/catsr/source/repos/SCARA_robot/hdl/FPGA GCodeInterpreter Test/verilog/Computer_System/synthesis/submodules/altera_merlin_burst_uncompressor.sv
Info: avalon_st_adapter: "mm_interconnect_0" instantiated altera_avalon_st_adapter "avalon_st_adapter"
Info: router: "mm_interconnect_1" instantiated altera_merlin_router "router"
Info: router_002: "mm_interconnect_1" instantiated altera_merlin_router "router_002"
Info: cmd_demux: "mm_interconnect_1" instantiated altera_merlin_demultiplexer "cmd_demux"
Info: cmd_mux: "mm_interconnect_1" instantiated altera_merlin_multiplexer "cmd_mux"
Info: Reusing file C:/Users/catsr/source/repos/SCARA_robot/hdl/FPGA GCodeInterpreter Test/verilog/Computer_System/synthesis/submodules/altera_merlin_arbitrator.sv
Info: rsp_demux: "mm_interconnect_1" instantiated altera_merlin_demultiplexer "rsp_demux"
Info: rsp_mux: "mm_interconnect_1" instantiated altera_merlin_multiplexer "rsp_mux"
Info: Reusing file C:/Users/catsr/source/repos/SCARA_robot/hdl/FPGA GCodeInterpreter Test/verilog/Computer_System/synthesis/submodules/altera_merlin_arbitrator.sv
Info: border: "hps_io" instantiated altera_interface_generator "border"
Info: error_adapter_0: "avalon_st_adapter" instantiated error_adapter "error_adapter_0"
Info: Computer_System: Done "Computer_System" with 36 modules, 96 files
Info: qsys-generate succeeded.
Info: Finished: Create HDL design files for synthesis
