Info: Starting: Create simulation model
Info: qsys-generate C:\Users\Thomas\Documents\Classes\ECE342\SCARA_robot\hdl\FPGA_controller_v2\Atan2.qsys --simulation=VERILOG --allow-mixed-language-simulation --output-directory=C:\Users\Thomas\Documents\Classes\ECE342\SCARA_robot\hdl\FPGA_controller_v2\Atan2\simulation --family="Cyclone V" --part=5CEBA2F17A7
Progress: Loading FPGA_controller_v2/Atan2.qsys
Progress: Reading input file
Progress: Adding CORDIC_0 [altera_CORDIC 18.1]
Progress: Parameterizing module CORDIC_0
Progress: Building connections
Progress: Parameterizing connections
Progress: Validating
Progress: Done reading input file
Info: Atan2: Generating Atan2 "Atan2" for SIM_VERILOG
Info: CORDIC_0: C:/intelfpga_lite/18.1/quartus/dspba/backend/windows64/cmdPolyEval -target CycloneV -frequency 400 -name none -noChanValid -faithfulRounding -enable -printMachineReadable -noFileGenerate -speedgrade 7 FXPAtan2Expert 32 10 1 20 0 0
Error: CORDIC_0: Frequency Target is too low for this parameterization
Error: CORDIC_0: Cannot generate for specified latency
Info: CORDIC_0: "Atan2" instantiated altera_CORDIC "CORDIC_0"
Info: Atan2: Done "Atan2" with 2 modules, 1 files
Error: qsys-generate failed with exit code 1: 2 Errors, 0 Warnings
Info: Finished: Create simulation model
Info: Starting: Create Modelsim Project.
Info: sim-script-gen --spd=C:\Users\Thomas\Documents\Classes\ECE342\SCARA_robot\hdl\FPGA_controller_v2\Atan2\Atan2.spd --output-directory=C:/Users/Thomas/Documents/Classes/ECE342/SCARA_robot/hdl/FPGA_controller_v2/Atan2/simulation/ --use-relative-paths=true
Info: Doing: ip-make-simscript --spd=C:\Users\Thomas\Documents\Classes\ECE342\SCARA_robot\hdl\FPGA_controller_v2\Atan2\Atan2.spd --output-directory=C:/Users/Thomas/Documents/Classes/ECE342/SCARA_robot/hdl/FPGA_controller_v2/Atan2/simulation/ --use-relative-paths=true
Info: Generating the following file(s) for MODELSIM simulator in C:/Users/Thomas/Documents/Classes/ECE342/SCARA_robot/hdl/FPGA_controller_v2/Atan2/simulation/ directory:
Info: 	mentor/msim_setup.tcl
Info: Generating the following file(s) for VCS simulator in C:/Users/Thomas/Documents/Classes/ECE342/SCARA_robot/hdl/FPGA_controller_v2/Atan2/simulation/ directory:
Info: 	synopsys/vcs/vcs_setup.sh
Info: Generating the following file(s) for VCSMX simulator in C:/Users/Thomas/Documents/Classes/ECE342/SCARA_robot/hdl/FPGA_controller_v2/Atan2/simulation/ directory:
Info: 	synopsys/vcsmx/synopsys_sim.setup
Info: 	synopsys/vcsmx/vcsmx_setup.sh
Info: Generating the following file(s) for NCSIM simulator in C:/Users/Thomas/Documents/Classes/ECE342/SCARA_robot/hdl/FPGA_controller_v2/Atan2/simulation/ directory:
Info: 	cadence/cds.lib
Info: 	cadence/hdl.var
Info: 	cadence/ncsim_setup.sh
Info: Generating the following file(s) for RIVIERA simulator in C:/Users/Thomas/Documents/Classes/ECE342/SCARA_robot/hdl/FPGA_controller_v2/Atan2/simulation/ directory:
Info: 	aldec/rivierapro_setup.tcl
Info: For information on how to simulate your IP, see the explanatory comments in the simulator-specific subdirectories under C:/Users/Thomas/Documents/Classes/ECE342/SCARA_robot/hdl/FPGA_controller_v2/Atan2/simulation/.
Info: Regenerate these scripts whenever you make any change to any Quartus-generated IP in your project.
Info: Finished: Create Modelsim Project.
Info: Starting: Create block symbol file (.bsf)
Info: qsys-generate C:\Users\Thomas\Documents\Classes\ECE342\SCARA_robot\hdl\FPGA_controller_v2\Atan2.qsys --block-symbol-file --output-directory=C:\Users\Thomas\Documents\Classes\ECE342\SCARA_robot\hdl\FPGA_controller_v2\Atan2 --family="Cyclone V" --part=5CEBA2F17A7
Progress: Loading FPGA_controller_v2/Atan2.qsys
Progress: Reading input file
Progress: Adding CORDIC_0 [altera_CORDIC 18.1]
Progress: Parameterizing module CORDIC_0
Progress: Building connections
Progress: Parameterizing connections
Progress: Validating
Progress: Done reading input file
Info: qsys-generate succeeded.
Info: Finished: Create block symbol file (.bsf)
Info: 
Info: Starting: Create HDL design files for synthesis
Info: qsys-generate C:\Users\Thomas\Documents\Classes\ECE342\SCARA_robot\hdl\FPGA_controller_v2\Atan2.qsys --synthesis=VERILOG --output-directory=C:\Users\Thomas\Documents\Classes\ECE342\SCARA_robot\hdl\FPGA_controller_v2\Atan2\synthesis --family="Cyclone V" --part=5CEBA2F17A7
Progress: Loading FPGA_controller_v2/Atan2.qsys
Progress: Reading input file
Progress: Adding CORDIC_0 [altera_CORDIC 18.1]
Progress: Parameterizing module CORDIC_0
Progress: Building connections
Progress: Parameterizing connections
Progress: Validating
Progress: Done reading input file
Info: Atan2: Generating Atan2 "Atan2" for QUARTUS_SYNTH
Info: CORDIC_0: C:/intelfpga_lite/18.1/quartus/dspba/backend/windows64/cmdPolyEval -target CycloneV -frequency 400 -name none -noChanValid -faithfulRounding -enable -printMachineReadable -noFileGenerate -speedgrade 7 FXPAtan2Expert 32 10 1 20 0 0
Error: CORDIC_0: Frequency Target is too low for this parameterization
Error: CORDIC_0: Cannot generate for specified latency
Info: CORDIC_0: "Atan2" instantiated altera_CORDIC "CORDIC_0"
Info: Atan2: Done "Atan2" with 2 modules, 1 files
Error: qsys-generate failed with exit code 1: 2 Errors, 0 Warnings
Info: Finished: Create HDL design files for synthesis
